<?xml version="1.0" encoding="UTF-8"?>
<coverage generated="1574151613773" clover="3.2.0">
  <project timestamp="1574151613773" name="All files">
    <metrics statements="44" coveredstatements="2" conditionals="12" coveredconditionals="0" methods="26" coveredmethods="1" elements="82" coveredelements="3" complexity="0" loc="44" ncloc="44" packages="5" files="11" classes="11"/>
    <package name="Components.App">
      <metrics statements="16" coveredstatements="0" conditionals="5" coveredconditionals="0" methods="11" coveredmethods="0"/>
      <file name="CarPage.tsx" path="/Users/xinyizhou/gitlab/rn_car_app/src/Components/App/CarPage.tsx">
        <metrics statements="16" coveredstatements="0" conditionals="5" coveredconditionals="0" methods="11" coveredmethods="0"/>
        <line num="16" count="0" type="stmt"/>
        <line num="17" count="0" type="stmt"/>
        <line num="25" count="0" type="stmt"/>
        <line num="27" count="0" type="stmt"/>
        <line num="28" count="0" type="stmt"/>
        <line num="35" count="0" type="stmt"/>
        <line num="36" count="0" type="stmt"/>
        <line num="47" count="0" type="stmt"/>
        <line num="54" count="0" type="stmt"/>
        <line num="58" count="0" type="stmt"/>
        <line num="66" count="0" type="stmt"/>
        <line num="70" count="0" type="stmt"/>
        <line num="71" count="0" type="stmt"/>
        <line num="72" count="0" type="cond" truecount="0" falsecount="5"/>
        <line num="73" count="0" type="stmt"/>
        <line num="79" count="0" type="stmt"/>
      </file>
    </package>
    <package name="Constants">
      <metrics statements="3" coveredstatements="0" conditionals="0" coveredconditionals="0" methods="0" coveredmethods="0"/>
      <file name="PageId.ts" path="/Users/xinyizhou/gitlab/rn_car_app/src/Constants/PageId.ts">
        <metrics statements="0" coveredstatements="0" conditionals="0" coveredconditionals="0" methods="0" coveredmethods="0"/>
      </file>
      <file name="Platform.ts" path="/Users/xinyizhou/gitlab/rn_car_app/src/Constants/Platform.ts">
        <metrics statements="3" coveredstatements="0" conditionals="0" coveredconditionals="0" methods="0" coveredmethods="0"/>
        <line num="1" count="0" type="stmt"/>
        <line num="8" count="0" type="stmt"/>
        <line num="15" count="0" type="stmt"/>
      </file>
    </package>
    <package name="Constants.TranslationKeys">
      <metrics statements="0" coveredstatements="0" conditionals="0" coveredconditionals="0" methods="0" coveredmethods="0"/>
      <file name="Index.ts" path="/Users/xinyizhou/gitlab/rn_car_app/src/Constants/TranslationKeys/Index.ts">
        <metrics statements="0" coveredstatements="0" conditionals="0" coveredconditionals="0" methods="0" coveredmethods="0"/>
      </file>
      <file name="SearchPanel.ts" path="/Users/xinyizhou/gitlab/rn_car_app/src/Constants/TranslationKeys/SearchPanel.ts">
        <metrics statements="0" coveredstatements="0" conditionals="0" coveredconditionals="0" methods="0" coveredmethods="0"/>
      </file>
      <file name="TranslationKeys.ts" path="/Users/xinyizhou/gitlab/rn_car_app/src/Constants/TranslationKeys/TranslationKeys.ts">
        <metrics statements="0" coveredstatements="0" conditionals="0" coveredconditionals="0" methods="0" coveredmethods="0"/>
      </file>
    </package>
    <package name="Pages.Demo">
      <metrics statements="3" coveredstatements="2" conditionals="0" coveredconditionals="0" methods="2" coveredmethods="1"/>
      <file name="Page1.tsx" path="/Users/xinyizhou/gitlab/rn_car_app/src/Pages/Demo/Page1.tsx">
        <metrics statements="3" coveredstatements="2" conditionals="0" coveredconditionals="0" methods="2" coveredmethods="1"/>
        <line num="9" count="1" type="stmt"/>
        <line num="32" count="1" type="stmt"/>
        <line num="41" count="0" type="stmt"/>
      </file>
    </package>
    <package name="Util">
      <metrics statements="22" coveredstatements="0" conditionals="7" coveredconditionals="0" methods="13" coveredmethods="0"/>
      <file name="AppContext.ts" path="/Users/xinyizhou/gitlab/rn_car_app/src/Util/AppContext.ts">
        <metrics statements="3" coveredstatements="0" conditionals="0" coveredconditionals="0" methods="0" coveredmethods="0"/>
        <line num="2" count="0" type="stmt"/>
        <line num="4" count="0" type="stmt"/>
        <line num="6" count="0" type="stmt"/>
      </file>
      <file name="CarFetch.ts" path="/Users/xinyizhou/gitlab/rn_car_app/src/Util/CarFetch.ts">
        <metrics statements="16" coveredstatements="0" conditionals="5" coveredconditionals="0" methods="9" coveredmethods="0"/>
        <line num="11" count="0" type="stmt"/>
        <line num="15" count="0" type="cond" truecount="0" falsecount="2"/>
        <line num="16" count="0" type="stmt"/>
        <line num="19" count="0" type="stmt"/>
        <line num="21" count="0" type="cond" truecount="0" falsecount="1"/>
        <line num="22" count="0" type="stmt"/>
        <line num="23" count="0" type="stmt"/>
        <line num="24" count="0" type="stmt"/>
        <line num="27" count="0" type="cond" truecount="0" falsecount="2"/>
        <line num="30" count="0" type="stmt"/>
        <line num="31" count="0" type="stmt"/>
        <line num="32" count="0" type="stmt"/>
        <line num="33" count="0" type="stmt"/>
        <line num="39" count="0" type="stmt"/>
        <line num="41" count="0" type="stmt"/>
        <line num="54" count="0" type="stmt"/>
      </file>
      <file name="Translate.ts" path="/Users/xinyizhou/gitlab/rn_car_app/src/Util/Translate.ts">
        <metrics statements="0" coveredstatements="0" conditionals="0" coveredconditionals="0" methods="0" coveredmethods="0"/>
      </file>
      <file name="Utils.ts" path="/Users/xinyizhou/gitlab/rn_car_app/src/Util/Utils.ts">
        <metrics statements="3" coveredstatements="0" conditionals="2" coveredconditionals="0" methods="4" coveredmethods="0"/>
        <line num="6" count="0" type="stmt"/>
        <line num="7" count="0" type="stmt"/>
        <line num="12" count="0" type="cond" truecount="0" falsecount="2"/>
      </file>
    </package>
  </project>
</coverage>
