{"/Users/xinyizhou/gitlab/rn_car_app/src/Components/App/CarPage.tsx": {"path":"/Users/xinyizhou/gitlab/rn_car_app/src/Components/App/CarPage.tsx","statementMap":{"0":{"start":{"line":16,"column":4},"end":{"line":16,"column":16}},"1":{"start":{"line":17,"column":4},"end":{"line":20,"column":6}},"2":{"start":{"line":25,"column":4},"end":{"line":37,"column":9}},"3":{"start":{"line":27,"column":8},"end":{"line":27,"column":42}},"4":{"start":{"line":28,"column":8},"end":{"line":28,"column":35}},"5":{"start":{"line":35,"column":8},"end":{"line":35,"column":50}},"6":{"start":{"line":36,"column":8},"end":{"line":36,"column":35}},"7":{"start":{"line":45,"column":4},"end":{"line":48,"column":6}},"8":{"start":{"line":52,"column":4},"end":{"line":52,"column":17}},"9":{"start":{"line":56,"column":4},"end":{"line":60,"column":6}},"10":{"start":{"line":64,"column":4},"end":{"line":64,"column":24}},"11":{"start":{"line":68,"column":31},"end":{"line":68,"column":41}},"12":{"start":{"line":69,"column":20},"end":{"line":69,"column":42}},"13":{"start":{"line":70,"column":4},"end":{"line":76,"column":5}},"14":{"start":{"line":71,"column":6},"end":{"line":75,"column":8}},"15":{"start":{"line":77,"column":4},"end":{"line":77,"column":36}}},"fnMap":{"0":{"name":"(anonymous_0)","decl":{"start":{"line":15,"column":2},"end":{"line":15,"column":3}},"loc":{"start":{"line":15,"column":20},"end":{"line":21,"column":3}},"line":15},"1":{"name":"(anonymous_1)","decl":{"start":{"line":23,"column":2},"end":{"line":23,"column":3}},"loc":{"start":{"line":23,"column":22},"end":{"line":38,"column":3}},"line":23},"2":{"name":"(anonymous_2)","decl":{"start":{"line":26,"column":12},"end":{"line":26,"column":13}},"loc":{"start":{"line":26,"column":36},"end":{"line":33,"column":7}},"line":26},"3":{"name":"(anonymous_3)","decl":{"start":{"line":34,"column":13},"end":{"line":34,"column":14}},"loc":{"start":{"line":34,"column":19},"end":{"line":37,"column":7}},"line":34},"4":{"name":"(anonymous_4)","decl":{"start":{"line":40,"column":2},"end":{"line":40,"column":3}},"loc":{"start":{"line":40,"column":25},"end":{"line":40,"column":28}},"line":40},"5":{"name":"(anonymous_5)","decl":{"start":{"line":42,"column":2},"end":{"line":42,"column":3}},"loc":{"start":{"line":42,"column":24},"end":{"line":42,"column":27}},"line":42},"6":{"name":"(anonymous_6)","decl":{"start":{"line":44,"column":2},"end":{"line":44,"column":3}},"loc":{"start":{"line":44,"column":19},"end":{"line":49,"column":3}},"line":44},"7":{"name":"(anonymous_7)","decl":{"start":{"line":51,"column":2},"end":{"line":51,"column":3}},"loc":{"start":{"line":51,"column":20},"end":{"line":53,"column":3}},"line":51},"8":{"name":"(anonymous_8)","decl":{"start":{"line":55,"column":2},"end":{"line":55,"column":3}},"loc":{"start":{"line":55,"column":22},"end":{"line":61,"column":3}},"line":55},"9":{"name":"(anonymous_9)","decl":{"start":{"line":63,"column":2},"end":{"line":63,"column":3}},"loc":{"start":{"line":63,"column":22},"end":{"line":65,"column":3}},"line":63},"10":{"name":"(anonymous_10)","decl":{"start":{"line":67,"column":2},"end":{"line":67,"column":3}},"loc":{"start":{"line":67,"column":11},"end":{"line":78,"column":3}},"line":67}},"branchMap":{"0":{"loc":{"start":{"line":70,"column":4},"end":{"line":76,"column":5}},"type":"if","locations":[{"start":{"line":70,"column":4},"end":{"line":76,"column":5}},{"start":{"line":70,"column":4},"end":{"line":76,"column":5}}],"line":70},"1":{"loc":{"start":{"line":70,"column":8},"end":{"line":70,"column":36}},"type":"binary-expr","locations":[{"start":{"line":70,"column":8},"end":{"line":70,"column":12}},{"start":{"line":70,"column":16},"end":{"line":70,"column":24}},{"start":{"line":70,"column":28},"end":{"line":70,"column":36}}],"line":70}},"s":{"0":0,"1":0,"2":0,"3":0,"4":0,"5":0,"6":0,"7":0,"8":0,"9":0,"10":0,"11":0,"12":0,"13":0,"14":0,"15":0},"f":{"0":0,"1":0,"2":0,"3":0,"4":0,"5":0,"6":0,"7":0,"8":0,"9":0,"10":0},"b":{"0":[0,0],"1":[0,0,0]},"hash":"7b2ccd4ee394ece3d38b38deca96a9481c738cf5"}
,"/Users/xinyizhou/gitlab/rn_car_app/src/Constants/PageId.ts": {"path":"/Users/xinyizhou/gitlab/rn_car_app/src/Constants/PageId.ts","statementMap":{},"fnMap":{},"branchMap":{},"s":{},"f":{},"b":{},"hash":"9a2d3635d07a2c89f27220beea374552893a118c"}
,"/Users/xinyizhou/gitlab/rn_car_app/src/Constants/Platform.ts": {"path":"/Users/xinyizhou/gitlab/rn_car_app/src/Constants/Platform.ts","statementMap":{"0":{"start":{"line":1,"column":24},"end":{"line":6,"column":1}},"1":{"start":{"line":8,"column":26},"end":{"line":13,"column":1}},"2":{"start":{"line":15,"column":24},"end":{"line":15,"column":38}}},"fnMap":{},"branchMap":{},"s":{"0":0,"1":0,"2":0},"f":{},"b":{},"hash":"5d095f57011e929aa6e91f7c179ee48fbfbb8919"}
,"/Users/xinyizhou/gitlab/rn_car_app/src/Constants/TranslationKeys/Index.ts": {"path":"/Users/xinyizhou/gitlab/rn_car_app/src/Constants/TranslationKeys/Index.ts","statementMap":{},"fnMap":{},"branchMap":{},"s":{},"f":{},"b":{},"hash":"202fbcc90f042a34d224a47c15aec3ae6c01c48a"}
,"/Users/xinyizhou/gitlab/rn_car_app/src/Constants/TranslationKeys/SearchPanel.ts": {"path":"/Users/xinyizhou/gitlab/rn_car_app/src/Constants/TranslationKeys/SearchPanel.ts","statementMap":{},"fnMap":{},"branchMap":{},"s":{},"f":{},"b":{},"hash":"6cff645b4f8cb522c619bb98d592c5fed48241ae"}
,"/Users/xinyizhou/gitlab/rn_car_app/src/Constants/TranslationKeys/TranslationKeys.ts": {"path":"/Users/xinyizhou/gitlab/rn_car_app/src/Constants/TranslationKeys/TranslationKeys.ts","statementMap":{},"fnMap":{},"branchMap":{},"s":{},"f":{},"b":{},"hash":"c4fd1fbfcc60701f3ced27412def655635035395"}
,"/Users/xinyizhou/gitlab/rn_car_app/src/Pages/Demo/Page1.tsx": {"path":"/Users/xinyizhou/gitlab/rn_car_app/src/Pages/Demo/Page1.tsx","statementMap":{"0":{"start":{"line":5,"column":15},"end":{"line":24,"column":2}},"1":{"start":{"line":28,"column":4},"end":{"line":46,"column":6}},"2":{"start":{"line":38,"column":14},"end":{"line":38,"column":48}}},"fnMap":{"0":{"name":"(anonymous_0)","decl":{"start":{"line":27,"column":2},"end":{"line":27,"column":3}},"loc":{"start":{"line":27,"column":11},"end":{"line":47,"column":3}},"line":27},"1":{"name":"(anonymous_1)","decl":{"start":{"line":37,"column":21},"end":{"line":37,"column":22}},"loc":{"start":{"line":37,"column":27},"end":{"line":39,"column":13}},"line":37}},"branchMap":{},"s":{"0":1,"1":1,"2":0},"f":{"0":1,"1":0},"b":{},"_coverageSchema":"43e27e138ebf9cfc5966b082cf9a028302ed4184","hash":"bc6388b47c04db48c33ab957c931ec7ea0947bfa"}
,"/Users/xinyizhou/gitlab/rn_car_app/src/Util/AppContext.ts": {"path":"/Users/xinyizhou/gitlab/rn_car_app/src/Util/AppContext.ts","statementMap":{"0":{"start":{"line":2,"column":22},"end":{"line":2,"column":24}},"1":{"start":{"line":4,"column":19},"end":{"line":4,"column":21}},"2":{"start":{"line":6,"column":17},"end":{"line":6,"column":19}}},"fnMap":{},"branchMap":{},"s":{"0":0,"1":0,"2":0},"f":{},"b":{},"hash":"5f9d384eff73a4340459bb51dfda207313f1b4ec"}
,"/Users/xinyizhou/gitlab/rn_car_app/src/Util/CarFetch.ts": {"path":"/Users/xinyizhou/gitlab/rn_car_app/src/Util/CarFetch.ts","statementMap":{"0":{"start":{"line":11,"column":4},"end":{"line":11,"column":24}},"1":{"start":{"line":15,"column":4},"end":{"line":15,"column":62}},"2":{"start":{"line":15,"column":22},"end":{"line":15,"column":62}},"3":{"start":{"line":16,"column":4},"end":{"line":16,"column":24}},"4":{"start":{"line":19,"column":17},"end":{"line":19,"column":57}},"5":{"start":{"line":19,"column":34},"end":{"line":19,"column":57}},"6":{"start":{"line":21,"column":18},"end":{"line":25,"column":3}},"7":{"start":{"line":22,"column":16},"end":{"line":22,"column":39}},"8":{"start":{"line":23,"column":19},"end":{"line":23,"column":41}},"9":{"start":{"line":24,"column":4},"end":{"line":24,"column":56}},"10":{"start":{"line":27,"column":20},"end":{"line":28,"column":48}},"11":{"start":{"line":27,"column":59},"end":{"line":28,"column":47}},"12":{"start":{"line":30,"column":19},"end":{"line":37,"column":3}},"13":{"start":{"line":31,"column":22},"end":{"line":31,"column":50}},"14":{"start":{"line":32,"column":23},"end":{"line":32,"column":52}},"15":{"start":{"line":33,"column":4},"end":{"line":36,"column":6}},"16":{"start":{"line":39,"column":9},"end":{"line":39,"column":71}},"17":{"start":{"line":39,"column":53},"end":{"line":39,"column":71}},"18":{"start":{"line":41,"column":11},"end":{"line":41,"column":80}},"19":{"start":{"line":41,"column":48},"end":{"line":41,"column":80}},"20":{"start":{"line":54,"column":16},"end":{"line":54,"column":93}},"21":{"start":{"line":54,"column":41},"end":{"line":54,"column":93}}},"fnMap":{"0":{"name":"(anonymous_0)","decl":{"start":{"line":10,"column":2},"end":{"line":10,"column":3}},"loc":{"start":{"line":10,"column":16},"end":{"line":12,"column":3}},"line":10},"1":{"name":"(anonymous_1)","decl":{"start":{"line":14,"column":2},"end":{"line":14,"column":3}},"loc":{"start":{"line":14,"column":21},"end":{"line":17,"column":3}},"line":14},"2":{"name":"(anonymous_2)","decl":{"start":{"line":19,"column":17},"end":{"line":19,"column":18}},"loc":{"start":{"line":19,"column":34},"end":{"line":19,"column":57}},"line":19},"3":{"name":"(anonymous_3)","decl":{"start":{"line":21,"column":18},"end":{"line":21,"column":19}},"loc":{"start":{"line":21,"column":69},"end":{"line":25,"column":3}},"line":21},"4":{"name":"(anonymous_4)","decl":{"start":{"line":27,"column":20},"end":{"line":27,"column":21}},"loc":{"start":{"line":27,"column":59},"end":{"line":28,"column":47}},"line":27},"5":{"name":"(anonymous_5)","decl":{"start":{"line":30,"column":19},"end":{"line":30,"column":20}},"loc":{"start":{"line":30,"column":50},"end":{"line":37,"column":3}},"line":30},"6":{"name":"(anonymous_6)","decl":{"start":{"line":39,"column":9},"end":{"line":39,"column":10}},"loc":{"start":{"line":39,"column":53},"end":{"line":39,"column":71}},"line":39},"7":{"name":"(anonymous_7)","decl":{"start":{"line":41,"column":11},"end":{"line":41,"column":12}},"loc":{"start":{"line":41,"column":48},"end":{"line":41,"column":80}},"line":41},"8":{"name":"(anonymous_8)","decl":{"start":{"line":54,"column":16},"end":{"line":54,"column":17}},"loc":{"start":{"line":54,"column":41},"end":{"line":54,"column":93}},"line":54}},"branchMap":{"0":{"loc":{"start":{"line":15,"column":4},"end":{"line":15,"column":62}},"type":"if","locations":[{"start":{"line":15,"column":4},"end":{"line":15,"column":62}},{"start":{"line":15,"column":4},"end":{"line":15,"column":62}}],"line":15},"1":{"loc":{"start":{"line":21,"column":38},"end":{"line":21,"column":64}},"type":"default-arg","locations":[{"start":{"line":21,"column":57},"end":{"line":21,"column":64}}],"line":21},"2":{"loc":{"start":{"line":27,"column":59},"end":{"line":28,"column":47}},"type":"cond-expr","locations":[{"start":{"line":28,"column":6},"end":{"line":28,"column":12}},{"start":{"line":28,"column":15},"end":{"line":28,"column":47}}],"line":27}},"s":{"0":0,"1":0,"2":0,"3":0,"4":0,"5":0,"6":0,"7":0,"8":0,"9":0,"10":0,"11":0,"12":0,"13":0,"14":0,"15":0,"16":0,"17":0,"18":0,"19":0,"20":0,"21":0},"f":{"0":0,"1":0,"2":0,"3":0,"4":0,"5":0,"6":0,"7":0,"8":0},"b":{"0":[0,0],"1":[0],"2":[0,0]},"hash":"7a3ad8cffe443ba0457f1e09aef1606c99d67dd2"}
,"/Users/xinyizhou/gitlab/rn_car_app/src/Util/Translate.ts": {"path":"/Users/xinyizhou/gitlab/rn_car_app/src/Util/Translate.ts","statementMap":{},"fnMap":{},"branchMap":{},"s":{},"f":{},"b":{},"hash":"db58a7b68058149066415b7d2305f42deef91e9d"}
,"/Users/xinyizhou/gitlab/rn_car_app/src/Util/Utils.ts": {"path":"/Users/xinyizhou/gitlab/rn_car_app/src/Util/Utils.ts","statementMap":{"0":{"start":{"line":6,"column":4},"end":{"line":8,"column":7}},"1":{"start":{"line":7,"column":6},"end":{"line":7,"column":42}},"2":{"start":{"line":7,"column":28},"end":{"line":7,"column":40}},"3":{"start":{"line":12,"column":4},"end":{"line":12,"column":56}}},"fnMap":{"0":{"name":"(anonymous_0)","decl":{"start":{"line":5,"column":2},"end":{"line":5,"column":3}},"loc":{"start":{"line":5,"column":28},"end":{"line":9,"column":3}},"line":5},"1":{"name":"(anonymous_1)","decl":{"start":{"line":6,"column":23},"end":{"line":6,"column":24}},"loc":{"start":{"line":6,"column":36},"end":{"line":8,"column":5}},"line":6},"2":{"name":"(anonymous_2)","decl":{"start":{"line":7,"column":21},"end":{"line":7,"column":22}},"loc":{"start":{"line":7,"column":28},"end":{"line":7,"column":40}},"line":7},"3":{"name":"(anonymous_3)","decl":{"start":{"line":11,"column":2},"end":{"line":11,"column":3}},"loc":{"start":{"line":11,"column":35},"end":{"line":13,"column":3}},"line":11}},"branchMap":{"0":{"loc":{"start":{"line":12,"column":11},"end":{"line":12,"column":55}},"type":"binary-expr","locations":[{"start":{"line":12,"column":11},"end":{"line":12,"column":26}},{"start":{"line":12,"column":30},"end":{"line":12,"column":55}}],"line":12}},"s":{"0":0,"1":0,"2":0,"3":0},"f":{"0":0,"1":0,"2":0,"3":0},"b":{"0":[0,0]},"hash":"796f1c38f2ec164adecfe91c1c21ab09f3569307"}
}
