TN:
SF:/Users/xinyizhou/gitlab/rn_car_app/src/Components/App/CarPage.tsx
FN:15,(anonymous_0)
FN:23,(anonymous_1)
FN:26,(anonymous_2)
FN:34,(anonymous_3)
FN:40,(anonymous_4)
FN:43,(anonymous_5)
FN:46,(anonymous_6)
FN:53,(anonymous_7)
FN:57,(anonymous_8)
FN:65,(anonymous_9)
FN:69,(anonymous_10)
FNF:11
FNH:0
FNDA:0,(anonymous_0)
FNDA:0,(anonymous_1)
FNDA:0,(anonymous_2)
FNDA:0,(anonymous_3)
FNDA:0,(anonymous_4)
FNDA:0,(anonymous_5)
FNDA:0,(anonymous_6)
FNDA:0,(anonymous_7)
FNDA:0,(anonymous_8)
FNDA:0,(anonymous_9)
FNDA:0,(anonymous_10)
DA:16,0
DA:17,0
DA:25,0
DA:27,0
DA:28,0
DA:35,0
DA:36,0
DA:47,0
DA:54,0
DA:58,0
DA:66,0
DA:70,0
DA:71,0
DA:72,0
DA:73,0
DA:79,0
LF:16
LH:0
BRDA:72,0,0,0
BRDA:72,0,1,0
BRDA:72,1,0,0
BRDA:72,1,1,0
BRDA:72,1,2,0
BRF:5
BRH:0
end_of_record
TN:
SF:/Users/xinyizhou/gitlab/rn_car_app/src/Constants/PageId.ts
FNF:0
FNH:0
LF:0
LH:0
BRF:0
BRH:0
end_of_record
TN:
SF:/Users/xinyizhou/gitlab/rn_car_app/src/Constants/Platform.ts
FNF:0
FNH:0
DA:1,0
DA:8,0
DA:15,0
LF:3
LH:0
BRF:0
BRH:0
end_of_record
TN:
SF:/Users/xinyizhou/gitlab/rn_car_app/src/Constants/TranslationKeys/Index.ts
FNF:0
FNH:0
LF:0
LH:0
BRF:0
BRH:0
end_of_record
TN:
SF:/Users/xinyizhou/gitlab/rn_car_app/src/Constants/TranslationKeys/SearchPanel.ts
FNF:0
FNH:0
LF:0
LH:0
BRF:0
BRH:0
end_of_record
TN:
SF:/Users/xinyizhou/gitlab/rn_car_app/src/Constants/TranslationKeys/TranslationKeys.ts
FNF:0
FNH:0
LF:0
LH:0
BRF:0
BRH:0
end_of_record
TN:
SF:/Users/xinyizhou/gitlab/rn_car_app/src/Pages/Demo/Page1.tsx
FN:31,(anonymous_0)
FN:40,(anonymous_1)
FNF:2
FNH:1
FNDA:1,(anonymous_0)
FNDA:0,(anonymous_1)
DA:9,1
DA:32,1
DA:41,0
LF:3
LH:2
BRF:0
BRH:0
end_of_record
TN:
SF:/Users/xinyizhou/gitlab/rn_car_app/src/Util/AppContext.ts
FNF:0
FNH:0
DA:2,0
DA:4,0
DA:6,0
LF:3
LH:0
BRF:0
BRH:0
end_of_record
TN:
SF:/Users/xinyizhou/gitlab/rn_car_app/src/Util/CarFetch.ts
FN:10,(anonymous_0)
FN:14,(anonymous_1)
FN:19,(anonymous_2)
FN:21,(anonymous_3)
FN:27,(anonymous_4)
FN:30,(anonymous_5)
FN:39,(anonymous_6)
FN:41,(anonymous_7)
FN:54,(anonymous_8)
FNF:9
FNH:0
FNDA:0,(anonymous_0)
FNDA:0,(anonymous_1)
FNDA:0,(anonymous_2)
FNDA:0,(anonymous_3)
FNDA:0,(anonymous_4)
FNDA:0,(anonymous_5)
FNDA:0,(anonymous_6)
FNDA:0,(anonymous_7)
FNDA:0,(anonymous_8)
DA:11,0
DA:15,0
DA:16,0
DA:19,0
DA:21,0
DA:22,0
DA:23,0
DA:24,0
DA:27,0
DA:30,0
DA:31,0
DA:32,0
DA:33,0
DA:39,0
DA:41,0
DA:54,0
LF:16
LH:0
BRDA:15,0,0,0
BRDA:15,0,1,0
BRDA:21,1,0,0
BRDA:27,2,0,0
BRDA:27,2,1,0
BRF:5
BRH:0
end_of_record
TN:
SF:/Users/xinyizhou/gitlab/rn_car_app/src/Util/Translate.ts
FNF:0
FNH:0
LF:0
LH:0
BRF:0
BRH:0
end_of_record
TN:
SF:/Users/xinyizhou/gitlab/rn_car_app/src/Util/Utils.ts
FN:5,(anonymous_0)
FN:6,(anonymous_1)
FN:7,(anonymous_2)
FN:11,(anonymous_3)
FNF:4
FNH:0
FNDA:0,(anonymous_0)
FNDA:0,(anonymous_1)
FNDA:0,(anonymous_2)
FNDA:0,(anonymous_3)
DA:6,0
DA:7,0
DA:12,0
LF:3
LH:0
BRDA:12,0,0,0
BRDA:12,0,1,0
BRF:2
BRH:0
end_of_record
